[24-Aug-2023 14:01:22] NOTICE: fpm is running, pid 14862
[24-Aug-2023 14:01:22] NOTICE: ready to handle connections
[25-Aug-2023 10:40:28] NOTICE: Terminating ...
[25-Aug-2023 10:40:28] NOTICE: exiting, bye-bye!
[04-Sep-2023 12:56:37] NOTICE: fpm is running, pid 4749
[04-Sep-2023 12:56:37] NOTICE: ready to handle connections
[04-Sep-2023 13:36:59] NOTICE: Terminating ...
[04-Sep-2023 13:36:59] NOTICE: Terminating ...
[04-Sep-2023 13:36:59] NOTICE: exiting, bye-bye!
[11-Sep-2023 13:02:15] NOTICE: fpm is running, pid 3495
[11-Sep-2023 13:02:15] NOTICE: ready to handle connections
[12-Sep-2023 13:39:09] NOTICE: Terminating ...
[12-Sep-2023 13:39:09] NOTICE: Terminating ...
[12-Sep-2023 13:39:09] NOTICE: exiting, bye-bye!
[12-Sep-2023 13:39:11] NOTICE: fpm is running, pid 129788
[12-Sep-2023 13:39:11] NOTICE: ready to handle connections
[12-Sep-2023 13:39:58] NOTICE: Terminating ...
[12-Sep-2023 13:39:58] NOTICE: Terminating ...
[12-Sep-2023 13:39:58] NOTICE: exiting, bye-bye!
[12-Sep-2023 13:40:00] NOTICE: fpm is running, pid 130133
[12-Sep-2023 13:40:00] NOTICE: ready to handle connections
[13-Sep-2023 14:59:32] NOTICE: Terminating ...
[13-Sep-2023 14:59:32] NOTICE: Terminating ...
[13-Sep-2023 14:59:32] NOTICE: exiting, bye-bye!
[13-Sep-2023 14:59:37] NOTICE: fpm is running, pid 222003
[13-Sep-2023 14:59:37] NOTICE: ready to handle connections
